0 info it worked if it ends with ok
1 verbose cli [ 'C:\\Users\\Mostafa Kamal\\AppData\\Local\\atom\\app-1.26.1\\resources\\app\\apm\\bin\\node.exe',
1 verbose cli   'C:\\Users\\Mostafa Kamal\\AppData\\Local\\atom\\app-1.26.1\\resources\\app\\apm\\node_modules\\npm\\bin\\npm-cli.js',
1 verbose cli   'version',
1 verbose cli   'major',
1 verbose cli   '-m',
1 verbose cli   'Prepare %s release' ]
2 info using npm@3.10.10
3 info using node@v6.9.5
4 info git [ 'status', '--porcelain' ]
5 info lifecycle atom-js@1.0.0~preversion: atom-js@1.0.0
6 silly lifecycle atom-js@1.0.0~preversion: no script for preversion, continuing
7 verbose version.write data { name: 'atom-js',
7 verbose version.write   version: '1.0.0',
7 verbose version.write   description: 'JavaScript snippeta >> atom JavaScript by @code4mk',
7 verbose version.write   keywords: [ 'js', 'JavaScript', 'dom', 'liveScript', 'code4mk' ],
7 verbose version.write   repository: { type: 'git', url: 'https://github.com/code4mk/atom-js' },
7 verbose version.write   license: 'MIT',
7 verbose version.write   engines: { atom: '>=1.0.0 <2.0.0' },
7 verbose version.write   dependencies: {} } to package.json
8 verbose stack Error: EPERM: operation not permitted, rename 'C:\Users\Mostafa Kamal\Documents\GitHub\atom-js\package.json.4253084916' -> 'C:\Users\Mostafa Kamal\Documents\GitHub\atom-js\package.json'
8 verbose stack     at Error (native)
9 verbose cwd C:\Users\Mostafa Kamal\Documents\GitHub\atom-js
10 error Windows_NT 10.0.16299
11 error argv "C:\\Users\\Mostafa Kamal\\AppData\\Local\\atom\\app-1.26.1\\resources\\app\\apm\\bin\\node.exe" "C:\\Users\\Mostafa Kamal\\AppData\\Local\\atom\\app-1.26.1\\resources\\app\\apm\\node_modules\\npm\\bin\\npm-cli.js" "version" "major" "-m" "Prepare %s release"
12 error node v6.9.5
13 error npm  v3.10.10
14 error path C:\Users\Mostafa Kamal\Documents\GitHub\atom-js\package.json.4253084916
15 error code EPERM
16 error errno -4048
17 error syscall rename
18 error Error: EPERM: operation not permitted, rename 'C:\Users\Mostafa Kamal\Documents\GitHub\atom-js\package.json.4253084916' -> 'C:\Users\Mostafa Kamal\Documents\GitHub\atom-js\package.json'
18 error     at Error (native)
18 error  { Error: EPERM: operation not permitted, rename 'C:\Users\Mostafa Kamal\Documents\GitHub\atom-js\package.json.4253084916' -> 'C:\Users\Mostafa Kamal\Documents\GitHub\atom-js\package.json'
18 error     at Error (native)
18 error   errno: -4048,
18 error   code: 'EPERM',
18 error   syscall: 'rename',
18 error   path: 'C:\\Users\\Mostafa Kamal\\Documents\\GitHub\\atom-js\\package.json.4253084916',
18 error   dest: 'C:\\Users\\Mostafa Kamal\\Documents\\GitHub\\atom-js\\package.json' }
19 error Please try running this command again as root/Administrator.
20 verbose exit [ -4048, true ]
